<?xml version="1.0" encoding="UTF-8"?>
<testsuite name="Add the delivery address" tests="1" skipped="0" failures="0" errors="0" timestamp="2020-07-04T17:48:49" hostname="DESKTOP-0P2N7DL" time="31.142">
  <properties/>
  <testcase name="Verification that the order has been added" classname="Add the delivery address" time="31.142"/>
  <system-out><![CDATA[]]></system-out>
  <system-err><![CDATA[Starting ChromeDriver 83.0.4103.14 (be04594a2b8411758b860104bc0a1033417178be-refs/branch-heads/4103@{#119}) on port 37751
Only local connections are allowed.
Please see https://chromedriver.chromium.org/security-considerations for suggestions on keeping ChromeDriver safe.
ChromeDriver was started successfully.
jul 04, 2020 12:48:53 PM org.openqa.selenium.remote.ProtocolHandshake createSession
INFORMACIÃ“N: Detected dialect: W3C
]]></system-err>
</testsuite>
